Determining if the pthread_create exist failed with the following output:
Change Dir: /home/alexandros/Desktop/Tracking/bin/CMakeFiles/CMakeTmp

Run Build Command:"/usr/bin/make" "cmTC_a6ed9/fast"
/usr/bin/make -f CMakeFiles/cmTC_a6ed9.dir/build.make CMakeFiles/cmTC_a6ed9.dir/build
make[1]: Entering directory '/home/alexandros/Desktop/Tracking/bin/CMakeFiles/CMakeTmp'
Building C object CMakeFiles/cmTC_a6ed9.dir/CheckSymbolExists.c.o
/usr/bin/cc    -fPIC    -o CMakeFiles/cmTC_a6ed9.dir/CheckSymbolExists.c.o   -c /home/alexandros/Desktop/Tracking/bin/CMakeFiles/CMakeTmp/CheckSymbolExists.c
Linking C executable cmTC_a6ed9
/usr/bin/cmake -E cmake_link_script CMakeFiles/cmTC_a6ed9.dir/link.txt --verbose=1
/usr/bin/cc  -fPIC     CMakeFiles/cmTC_a6ed9.dir/CheckSymbolExists.c.o  -o cmTC_a6ed9 -rdynamic 
CMakeFiles/cmTC_a6ed9.dir/CheckSymbolExists.c.o: In function `main':
CheckSymbolExists.c:(.text+0x1b): undefined reference to `pthread_create'
collect2: error: ld returned 1 exit status
CMakeFiles/cmTC_a6ed9.dir/build.make:97: recipe for target 'cmTC_a6ed9' failed
make[1]: *** [cmTC_a6ed9] Error 1
make[1]: Leaving directory '/home/alexandros/Desktop/Tracking/bin/CMakeFiles/CMakeTmp'
Makefile:126: recipe for target 'cmTC_a6ed9/fast' failed
make: *** [cmTC_a6ed9/fast] Error 2

File /home/alexandros/Desktop/Tracking/bin/CMakeFiles/CMakeTmp/CheckSymbolExists.c:
/* */
#include <pthread.h>

int main(int argc, char** argv)
{
  (void)argv;
#ifndef pthread_create
  return ((int*)(&pthread_create))[argc];
#else
  (void)argc;
  return 0;
#endif
}

Determining if the function pthread_create exists in the pthreads failed with the following output:
Change Dir: /home/alexandros/Desktop/Tracking/bin/CMakeFiles/CMakeTmp

Run Build Command:"/usr/bin/make" "cmTC_423c8/fast"
/usr/bin/make -f CMakeFiles/cmTC_423c8.dir/build.make CMakeFiles/cmTC_423c8.dir/build
make[1]: Entering directory '/home/alexandros/Desktop/Tracking/bin/CMakeFiles/CMakeTmp'
Building C object CMakeFiles/cmTC_423c8.dir/CheckFunctionExists.c.o
/usr/bin/cc    -fPIC -DCHECK_FUNCTION_EXISTS=pthread_create   -o CMakeFiles/cmTC_423c8.dir/CheckFunctionExists.c.o   -c /usr/share/cmake-3.5/Modules/CheckFunctionExists.c
Linking C executable cmTC_423c8
/usr/bin/cmake -E cmake_link_script CMakeFiles/cmTC_423c8.dir/link.txt --verbose=1
/usr/bin/cc  -fPIC -DCHECK_FUNCTION_EXISTS=pthread_create    CMakeFiles/cmTC_423c8.dir/CheckFunctionExists.c.o  -o cmTC_423c8 -rdynamic -lpthreads 
/usr/bin/ld: cannot find -lpthreads
collect2: error: ld returned 1 exit status
CMakeFiles/cmTC_423c8.dir/build.make:97: recipe for target 'cmTC_423c8' failed
make[1]: *** [cmTC_423c8] Error 1
make[1]: Leaving directory '/home/alexandros/Desktop/Tracking/bin/CMakeFiles/CMakeTmp'
Makefile:126: recipe for target 'cmTC_423c8/fast' failed
make: *** [cmTC_423c8/fast] Error 2


Determining if the pthread_create exist failed with the following output:
Change Dir: /home/alexandros/Desktop/Tracking/bin/CMakeFiles/CMakeTmp

Run Build Command:"/usr/bin/make" "cmTC_d0d1d/fast"
/usr/bin/make -f CMakeFiles/cmTC_d0d1d.dir/build.make CMakeFiles/cmTC_d0d1d.dir/build
make[1]: Entering directory '/home/alexandros/Desktop/Tracking/bin/CMakeFiles/CMakeTmp'
Building C object CMakeFiles/cmTC_d0d1d.dir/CheckSymbolExists.c.o
/usr/bin/cc    -fPIC    -o CMakeFiles/cmTC_d0d1d.dir/CheckSymbolExists.c.o   -c /home/alexandros/Desktop/Tracking/bin/CMakeFiles/CMakeTmp/CheckSymbolExists.c
Linking C executable cmTC_d0d1d
/usr/bin/cmake -E cmake_link_script CMakeFiles/cmTC_d0d1d.dir/link.txt --verbose=1
/usr/bin/cc  -fPIC     CMakeFiles/cmTC_d0d1d.dir/CheckSymbolExists.c.o  -o cmTC_d0d1d -rdynamic 
CMakeFiles/cmTC_d0d1d.dir/CheckSymbolExists.c.o: In function `main':
CheckSymbolExists.c:(.text+0x1b): undefined reference to `pthread_create'
collect2: error: ld returned 1 exit status
CMakeFiles/cmTC_d0d1d.dir/build.make:97: recipe for target 'cmTC_d0d1d' failed
make[1]: *** [cmTC_d0d1d] Error 1
make[1]: Leaving directory '/home/alexandros/Desktop/Tracking/bin/CMakeFiles/CMakeTmp'
Makefile:126: recipe for target 'cmTC_d0d1d/fast' failed
make: *** [cmTC_d0d1d/fast] Error 2

File /home/alexandros/Desktop/Tracking/bin/CMakeFiles/CMakeTmp/CheckSymbolExists.c:
/* */
#include <pthread.h>

int main(int argc, char** argv)
{
  (void)argv;
#ifndef pthread_create
  return ((int*)(&pthread_create))[argc];
#else
  (void)argc;
  return 0;
#endif
}

Determining if the function pthread_create exists in the pthreads failed with the following output:
Change Dir: /home/alexandros/Desktop/Tracking/bin/CMakeFiles/CMakeTmp

Run Build Command:"/usr/bin/make" "cmTC_7c5ba/fast"
/usr/bin/make -f CMakeFiles/cmTC_7c5ba.dir/build.make CMakeFiles/cmTC_7c5ba.dir/build
make[1]: Entering directory '/home/alexandros/Desktop/Tracking/bin/CMakeFiles/CMakeTmp'
Building C object CMakeFiles/cmTC_7c5ba.dir/CheckFunctionExists.c.o
/usr/bin/cc    -fPIC -DCHECK_FUNCTION_EXISTS=pthread_create   -o CMakeFiles/cmTC_7c5ba.dir/CheckFunctionExists.c.o   -c /usr/share/cmake-3.5/Modules/CheckFunctionExists.c
Linking C executable cmTC_7c5ba
/usr/bin/cmake -E cmake_link_script CMakeFiles/cmTC_7c5ba.dir/link.txt --verbose=1
/usr/bin/cc  -fPIC -DCHECK_FUNCTION_EXISTS=pthread_create    CMakeFiles/cmTC_7c5ba.dir/CheckFunctionExists.c.o  -o cmTC_7c5ba -rdynamic -lpthreads 
/usr/bin/ld: cannot find -lpthreads
collect2: error: ld returned 1 exit status
CMakeFiles/cmTC_7c5ba.dir/build.make:97: recipe for target 'cmTC_7c5ba' failed
make[1]: *** [cmTC_7c5ba] Error 1
make[1]: Leaving directory '/home/alexandros/Desktop/Tracking/bin/CMakeFiles/CMakeTmp'
Makefile:126: recipe for target 'cmTC_7c5ba/fast' failed
make: *** [cmTC_7c5ba/fast] Error 2


Determining if the pthread_create exist failed with the following output:
Change Dir: /home/alexandros/Desktop/DetectionTracking/Tracking/bin/CMakeFiles/CMakeTmp

Run Build Command:"/usr/bin/make" "cmTC_059fb/fast"
/usr/bin/make -f CMakeFiles/cmTC_059fb.dir/build.make CMakeFiles/cmTC_059fb.dir/build
make[1]: Entering directory '/home/alexandros/Desktop/DetectionTracking/Tracking/bin/CMakeFiles/CMakeTmp'
Building C object CMakeFiles/cmTC_059fb.dir/CheckSymbolExists.c.o
/usr/bin/cc    -fPIC    -o CMakeFiles/cmTC_059fb.dir/CheckSymbolExists.c.o   -c /home/alexandros/Desktop/DetectionTracking/Tracking/bin/CMakeFiles/CMakeTmp/CheckSymbolExists.c
Linking C executable cmTC_059fb
/usr/bin/cmake -E cmake_link_script CMakeFiles/cmTC_059fb.dir/link.txt --verbose=1
/usr/bin/cc  -fPIC     CMakeFiles/cmTC_059fb.dir/CheckSymbolExists.c.o  -o cmTC_059fb -rdynamic 
CMakeFiles/cmTC_059fb.dir/CheckSymbolExists.c.o: In function `main':
CheckSymbolExists.c:(.text+0x1b): undefined reference to `pthread_create'
collect2: error: ld returned 1 exit status
CMakeFiles/cmTC_059fb.dir/build.make:97: recipe for target 'cmTC_059fb' failed
make[1]: *** [cmTC_059fb] Error 1
make[1]: Leaving directory '/home/alexandros/Desktop/DetectionTracking/Tracking/bin/CMakeFiles/CMakeTmp'
Makefile:126: recipe for target 'cmTC_059fb/fast' failed
make: *** [cmTC_059fb/fast] Error 2

File /home/alexandros/Desktop/DetectionTracking/Tracking/bin/CMakeFiles/CMakeTmp/CheckSymbolExists.c:
/* */
#include <pthread.h>

int main(int argc, char** argv)
{
  (void)argv;
#ifndef pthread_create
  return ((int*)(&pthread_create))[argc];
#else
  (void)argc;
  return 0;
#endif
}

Determining if the function pthread_create exists in the pthreads failed with the following output:
Change Dir: /home/alexandros/Desktop/DetectionTracking/Tracking/bin/CMakeFiles/CMakeTmp

Run Build Command:"/usr/bin/make" "cmTC_15cb1/fast"
/usr/bin/make -f CMakeFiles/cmTC_15cb1.dir/build.make CMakeFiles/cmTC_15cb1.dir/build
make[1]: Entering directory '/home/alexandros/Desktop/DetectionTracking/Tracking/bin/CMakeFiles/CMakeTmp'
Building C object CMakeFiles/cmTC_15cb1.dir/CheckFunctionExists.c.o
/usr/bin/cc    -fPIC -DCHECK_FUNCTION_EXISTS=pthread_create   -o CMakeFiles/cmTC_15cb1.dir/CheckFunctionExists.c.o   -c /usr/share/cmake-3.5/Modules/CheckFunctionExists.c
Linking C executable cmTC_15cb1
/usr/bin/cmake -E cmake_link_script CMakeFiles/cmTC_15cb1.dir/link.txt --verbose=1
/usr/bin/cc  -fPIC -DCHECK_FUNCTION_EXISTS=pthread_create    CMakeFiles/cmTC_15cb1.dir/CheckFunctionExists.c.o  -o cmTC_15cb1 -rdynamic -lpthreads 
/usr/bin/ld: cannot find -lpthreads
collect2: error: ld returned 1 exit status
CMakeFiles/cmTC_15cb1.dir/build.make:97: recipe for target 'cmTC_15cb1' failed
make[1]: *** [cmTC_15cb1] Error 1
make[1]: Leaving directory '/home/alexandros/Desktop/DetectionTracking/Tracking/bin/CMakeFiles/CMakeTmp'
Makefile:126: recipe for target 'cmTC_15cb1/fast' failed
make: *** [cmTC_15cb1/fast] Error 2


Determining if the pthread_create exist failed with the following output:
Change Dir: /home/alexandros/Desktop/DetectionTracking/Tracking/bin/CMakeFiles/CMakeTmp

Run Build Command:"/usr/bin/make" "cmTC_a233c/fast"
/usr/bin/make -f CMakeFiles/cmTC_a233c.dir/build.make CMakeFiles/cmTC_a233c.dir/build
make[1]: Entering directory '/home/alexandros/Desktop/DetectionTracking/Tracking/bin/CMakeFiles/CMakeTmp'
Building C object CMakeFiles/cmTC_a233c.dir/CheckSymbolExists.c.o
/usr/bin/cc    -fPIC    -o CMakeFiles/cmTC_a233c.dir/CheckSymbolExists.c.o   -c /home/alexandros/Desktop/DetectionTracking/Tracking/bin/CMakeFiles/CMakeTmp/CheckSymbolExists.c
Linking C executable cmTC_a233c
/usr/bin/cmake -E cmake_link_script CMakeFiles/cmTC_a233c.dir/link.txt --verbose=1
/usr/bin/cc  -fPIC     CMakeFiles/cmTC_a233c.dir/CheckSymbolExists.c.o  -o cmTC_a233c -rdynamic 
CMakeFiles/cmTC_a233c.dir/CheckSymbolExists.c.o: In function `main':
CheckSymbolExists.c:(.text+0x1b): undefined reference to `pthread_create'
collect2: error: ld returned 1 exit status
CMakeFiles/cmTC_a233c.dir/build.make:97: recipe for target 'cmTC_a233c' failed
make[1]: *** [cmTC_a233c] Error 1
make[1]: Leaving directory '/home/alexandros/Desktop/DetectionTracking/Tracking/bin/CMakeFiles/CMakeTmp'
Makefile:126: recipe for target 'cmTC_a233c/fast' failed
make: *** [cmTC_a233c/fast] Error 2

File /home/alexandros/Desktop/DetectionTracking/Tracking/bin/CMakeFiles/CMakeTmp/CheckSymbolExists.c:
/* */
#include <pthread.h>

int main(int argc, char** argv)
{
  (void)argv;
#ifndef pthread_create
  return ((int*)(&pthread_create))[argc];
#else
  (void)argc;
  return 0;
#endif
}

Determining if the function pthread_create exists in the pthreads failed with the following output:
Change Dir: /home/alexandros/Desktop/DetectionTracking/Tracking/bin/CMakeFiles/CMakeTmp

Run Build Command:"/usr/bin/make" "cmTC_72d29/fast"
/usr/bin/make -f CMakeFiles/cmTC_72d29.dir/build.make CMakeFiles/cmTC_72d29.dir/build
make[1]: Entering directory '/home/alexandros/Desktop/DetectionTracking/Tracking/bin/CMakeFiles/CMakeTmp'
Building C object CMakeFiles/cmTC_72d29.dir/CheckFunctionExists.c.o
/usr/bin/cc    -fPIC -DCHECK_FUNCTION_EXISTS=pthread_create   -o CMakeFiles/cmTC_72d29.dir/CheckFunctionExists.c.o   -c /usr/share/cmake-3.5/Modules/CheckFunctionExists.c
Linking C executable cmTC_72d29
/usr/bin/cmake -E cmake_link_script CMakeFiles/cmTC_72d29.dir/link.txt --verbose=1
/usr/bin/cc  -fPIC -DCHECK_FUNCTION_EXISTS=pthread_create    CMakeFiles/cmTC_72d29.dir/CheckFunctionExists.c.o  -o cmTC_72d29 -rdynamic -lpthreads 
/usr/bin/ld: cannot find -lpthreads
collect2: error: ld returned 1 exit status
CMakeFiles/cmTC_72d29.dir/build.make:97: recipe for target 'cmTC_72d29' failed
make[1]: *** [cmTC_72d29] Error 1
make[1]: Leaving directory '/home/alexandros/Desktop/DetectionTracking/Tracking/bin/CMakeFiles/CMakeTmp'
Makefile:126: recipe for target 'cmTC_72d29/fast' failed
make: *** [cmTC_72d29/fast] Error 2


Determining if the pthread_create exist failed with the following output:
Change Dir: /home/alexandros/Desktop/DetectionTracking/Tracking/bin/CMakeFiles/CMakeTmp

Run Build Command:"/usr/bin/make" "cmTC_41695/fast"
/usr/bin/make -f CMakeFiles/cmTC_41695.dir/build.make CMakeFiles/cmTC_41695.dir/build
make[1]: Entering directory '/home/alexandros/Desktop/DetectionTracking/Tracking/bin/CMakeFiles/CMakeTmp'
Building C object CMakeFiles/cmTC_41695.dir/CheckSymbolExists.c.o
/usr/bin/cc    -fPIC    -o CMakeFiles/cmTC_41695.dir/CheckSymbolExists.c.o   -c /home/alexandros/Desktop/DetectionTracking/Tracking/bin/CMakeFiles/CMakeTmp/CheckSymbolExists.c
Linking C executable cmTC_41695
/usr/bin/cmake -E cmake_link_script CMakeFiles/cmTC_41695.dir/link.txt --verbose=1
/usr/bin/cc  -fPIC     CMakeFiles/cmTC_41695.dir/CheckSymbolExists.c.o  -o cmTC_41695 -rdynamic 
CMakeFiles/cmTC_41695.dir/CheckSymbolExists.c.o: In function `main':
CheckSymbolExists.c:(.text+0x1b): undefined reference to `pthread_create'
collect2: error: ld returned 1 exit status
CMakeFiles/cmTC_41695.dir/build.make:97: recipe for target 'cmTC_41695' failed
make[1]: *** [cmTC_41695] Error 1
make[1]: Leaving directory '/home/alexandros/Desktop/DetectionTracking/Tracking/bin/CMakeFiles/CMakeTmp'
Makefile:126: recipe for target 'cmTC_41695/fast' failed
make: *** [cmTC_41695/fast] Error 2

File /home/alexandros/Desktop/DetectionTracking/Tracking/bin/CMakeFiles/CMakeTmp/CheckSymbolExists.c:
/* */
#include <pthread.h>

int main(int argc, char** argv)
{
  (void)argv;
#ifndef pthread_create
  return ((int*)(&pthread_create))[argc];
#else
  (void)argc;
  return 0;
#endif
}

Determining if the function pthread_create exists in the pthreads failed with the following output:
Change Dir: /home/alexandros/Desktop/DetectionTracking/Tracking/bin/CMakeFiles/CMakeTmp

Run Build Command:"/usr/bin/make" "cmTC_6a28d/fast"
/usr/bin/make -f CMakeFiles/cmTC_6a28d.dir/build.make CMakeFiles/cmTC_6a28d.dir/build
make[1]: Entering directory '/home/alexandros/Desktop/DetectionTracking/Tracking/bin/CMakeFiles/CMakeTmp'
Building C object CMakeFiles/cmTC_6a28d.dir/CheckFunctionExists.c.o
/usr/bin/cc    -fPIC -DCHECK_FUNCTION_EXISTS=pthread_create   -o CMakeFiles/cmTC_6a28d.dir/CheckFunctionExists.c.o   -c /usr/share/cmake-3.5/Modules/CheckFunctionExists.c
Linking C executable cmTC_6a28d
/usr/bin/cmake -E cmake_link_script CMakeFiles/cmTC_6a28d.dir/link.txt --verbose=1
/usr/bin/cc  -fPIC -DCHECK_FUNCTION_EXISTS=pthread_create    CMakeFiles/cmTC_6a28d.dir/CheckFunctionExists.c.o  -o cmTC_6a28d -rdynamic -lpthreads 
/usr/bin/ld: cannot find -lpthreads
collect2: error: ld returned 1 exit status
CMakeFiles/cmTC_6a28d.dir/build.make:97: recipe for target 'cmTC_6a28d' failed
make[1]: *** [cmTC_6a28d] Error 1
make[1]: Leaving directory '/home/alexandros/Desktop/DetectionTracking/Tracking/bin/CMakeFiles/CMakeTmp'
Makefile:126: recipe for target 'cmTC_6a28d/fast' failed
make: *** [cmTC_6a28d/fast] Error 2


