Determining if the include file pthread.h exists passed with the following output:
Change Dir: /home/alexandros/Desktop/Tracking/bin/CMakeFiles/CMakeTmp

Run Build Command:"/usr/bin/make" "cmTC_cb4d0/fast"
/usr/bin/make -f CMakeFiles/cmTC_cb4d0.dir/build.make CMakeFiles/cmTC_cb4d0.dir/build
make[1]: Entering directory '/home/alexandros/Desktop/Tracking/bin/CMakeFiles/CMakeTmp'
Building C object CMakeFiles/cmTC_cb4d0.dir/CheckIncludeFile.c.o
/usr/bin/cc    -fPIC    -o CMakeFiles/cmTC_cb4d0.dir/CheckIncludeFile.c.o   -c /home/alexandros/Desktop/Tracking/bin/CMakeFiles/CMakeTmp/CheckIncludeFile.c
Linking C executable cmTC_cb4d0
/usr/bin/cmake -E cmake_link_script CMakeFiles/cmTC_cb4d0.dir/link.txt --verbose=1
/usr/bin/cc  -fPIC     CMakeFiles/cmTC_cb4d0.dir/CheckIncludeFile.c.o  -o cmTC_cb4d0 -rdynamic 
make[1]: Leaving directory '/home/alexandros/Desktop/Tracking/bin/CMakeFiles/CMakeTmp'


Determining if the function pthread_create exists in the pthread passed with the following output:
Change Dir: /home/alexandros/Desktop/Tracking/bin/CMakeFiles/CMakeTmp

Run Build Command:"/usr/bin/make" "cmTC_dc4a1/fast"
/usr/bin/make -f CMakeFiles/cmTC_dc4a1.dir/build.make CMakeFiles/cmTC_dc4a1.dir/build
make[1]: Entering directory '/home/alexandros/Desktop/Tracking/bin/CMakeFiles/CMakeTmp'
Building C object CMakeFiles/cmTC_dc4a1.dir/CheckFunctionExists.c.o
/usr/bin/cc    -fPIC -DCHECK_FUNCTION_EXISTS=pthread_create   -o CMakeFiles/cmTC_dc4a1.dir/CheckFunctionExists.c.o   -c /usr/share/cmake-3.5/Modules/CheckFunctionExists.c
Linking C executable cmTC_dc4a1
/usr/bin/cmake -E cmake_link_script CMakeFiles/cmTC_dc4a1.dir/link.txt --verbose=1
/usr/bin/cc  -fPIC -DCHECK_FUNCTION_EXISTS=pthread_create    CMakeFiles/cmTC_dc4a1.dir/CheckFunctionExists.c.o  -o cmTC_dc4a1 -rdynamic -lpthread 
make[1]: Leaving directory '/home/alexandros/Desktop/Tracking/bin/CMakeFiles/CMakeTmp'


Determining if the include file pthread.h exists passed with the following output:
Change Dir: /home/alexandros/Desktop/Tracking/bin/CMakeFiles/CMakeTmp

Run Build Command:"/usr/bin/make" "cmTC_b5212/fast"
/usr/bin/make -f CMakeFiles/cmTC_b5212.dir/build.make CMakeFiles/cmTC_b5212.dir/build
make[1]: Entering directory '/home/alexandros/Desktop/Tracking/bin/CMakeFiles/CMakeTmp'
Building C object CMakeFiles/cmTC_b5212.dir/CheckIncludeFile.c.o
/usr/bin/cc    -fPIC    -o CMakeFiles/cmTC_b5212.dir/CheckIncludeFile.c.o   -c /home/alexandros/Desktop/Tracking/bin/CMakeFiles/CMakeTmp/CheckIncludeFile.c
Linking C executable cmTC_b5212
/usr/bin/cmake -E cmake_link_script CMakeFiles/cmTC_b5212.dir/link.txt --verbose=1
/usr/bin/cc  -fPIC     CMakeFiles/cmTC_b5212.dir/CheckIncludeFile.c.o  -o cmTC_b5212 -rdynamic 
make[1]: Leaving directory '/home/alexandros/Desktop/Tracking/bin/CMakeFiles/CMakeTmp'


Determining if the function pthread_create exists in the pthread passed with the following output:
Change Dir: /home/alexandros/Desktop/Tracking/bin/CMakeFiles/CMakeTmp

Run Build Command:"/usr/bin/make" "cmTC_16c2e/fast"
/usr/bin/make -f CMakeFiles/cmTC_16c2e.dir/build.make CMakeFiles/cmTC_16c2e.dir/build
make[1]: Entering directory '/home/alexandros/Desktop/Tracking/bin/CMakeFiles/CMakeTmp'
Building C object CMakeFiles/cmTC_16c2e.dir/CheckFunctionExists.c.o
/usr/bin/cc    -fPIC -DCHECK_FUNCTION_EXISTS=pthread_create   -o CMakeFiles/cmTC_16c2e.dir/CheckFunctionExists.c.o   -c /usr/share/cmake-3.5/Modules/CheckFunctionExists.c
Linking C executable cmTC_16c2e
/usr/bin/cmake -E cmake_link_script CMakeFiles/cmTC_16c2e.dir/link.txt --verbose=1
/usr/bin/cc  -fPIC -DCHECK_FUNCTION_EXISTS=pthread_create    CMakeFiles/cmTC_16c2e.dir/CheckFunctionExists.c.o  -o cmTC_16c2e -rdynamic -lpthread 
make[1]: Leaving directory '/home/alexandros/Desktop/Tracking/bin/CMakeFiles/CMakeTmp'


Determining if the include file pthread.h exists passed with the following output:
Change Dir: /home/alexandros/Desktop/DetectionTracking/Tracking/bin/CMakeFiles/CMakeTmp

Run Build Command:"/usr/bin/make" "cmTC_b17ec/fast"
/usr/bin/make -f CMakeFiles/cmTC_b17ec.dir/build.make CMakeFiles/cmTC_b17ec.dir/build
make[1]: Entering directory '/home/alexandros/Desktop/DetectionTracking/Tracking/bin/CMakeFiles/CMakeTmp'
Building C object CMakeFiles/cmTC_b17ec.dir/CheckIncludeFile.c.o
/usr/bin/cc    -fPIC    -o CMakeFiles/cmTC_b17ec.dir/CheckIncludeFile.c.o   -c /home/alexandros/Desktop/DetectionTracking/Tracking/bin/CMakeFiles/CMakeTmp/CheckIncludeFile.c
Linking C executable cmTC_b17ec
/usr/bin/cmake -E cmake_link_script CMakeFiles/cmTC_b17ec.dir/link.txt --verbose=1
/usr/bin/cc  -fPIC     CMakeFiles/cmTC_b17ec.dir/CheckIncludeFile.c.o  -o cmTC_b17ec -rdynamic 
make[1]: Leaving directory '/home/alexandros/Desktop/DetectionTracking/Tracking/bin/CMakeFiles/CMakeTmp'


Determining if the function pthread_create exists in the pthread passed with the following output:
Change Dir: /home/alexandros/Desktop/DetectionTracking/Tracking/bin/CMakeFiles/CMakeTmp

Run Build Command:"/usr/bin/make" "cmTC_eca42/fast"
/usr/bin/make -f CMakeFiles/cmTC_eca42.dir/build.make CMakeFiles/cmTC_eca42.dir/build
make[1]: Entering directory '/home/alexandros/Desktop/DetectionTracking/Tracking/bin/CMakeFiles/CMakeTmp'
Building C object CMakeFiles/cmTC_eca42.dir/CheckFunctionExists.c.o
/usr/bin/cc    -fPIC -DCHECK_FUNCTION_EXISTS=pthread_create   -o CMakeFiles/cmTC_eca42.dir/CheckFunctionExists.c.o   -c /usr/share/cmake-3.5/Modules/CheckFunctionExists.c
Linking C executable cmTC_eca42
/usr/bin/cmake -E cmake_link_script CMakeFiles/cmTC_eca42.dir/link.txt --verbose=1
/usr/bin/cc  -fPIC -DCHECK_FUNCTION_EXISTS=pthread_create    CMakeFiles/cmTC_eca42.dir/CheckFunctionExists.c.o  -o cmTC_eca42 -rdynamic -lpthread 
make[1]: Leaving directory '/home/alexandros/Desktop/DetectionTracking/Tracking/bin/CMakeFiles/CMakeTmp'


Determining if the include file pthread.h exists passed with the following output:
Change Dir: /home/alexandros/Desktop/DetectionTracking/Tracking/bin/CMakeFiles/CMakeTmp

Run Build Command:"/usr/bin/make" "cmTC_d5f62/fast"
/usr/bin/make -f CMakeFiles/cmTC_d5f62.dir/build.make CMakeFiles/cmTC_d5f62.dir/build
make[1]: Entering directory '/home/alexandros/Desktop/DetectionTracking/Tracking/bin/CMakeFiles/CMakeTmp'
Building C object CMakeFiles/cmTC_d5f62.dir/CheckIncludeFile.c.o
/usr/bin/cc    -fPIC    -o CMakeFiles/cmTC_d5f62.dir/CheckIncludeFile.c.o   -c /home/alexandros/Desktop/DetectionTracking/Tracking/bin/CMakeFiles/CMakeTmp/CheckIncludeFile.c
Linking C executable cmTC_d5f62
/usr/bin/cmake -E cmake_link_script CMakeFiles/cmTC_d5f62.dir/link.txt --verbose=1
/usr/bin/cc  -fPIC     CMakeFiles/cmTC_d5f62.dir/CheckIncludeFile.c.o  -o cmTC_d5f62 -rdynamic 
make[1]: Leaving directory '/home/alexandros/Desktop/DetectionTracking/Tracking/bin/CMakeFiles/CMakeTmp'


Determining if the function pthread_create exists in the pthread passed with the following output:
Change Dir: /home/alexandros/Desktop/DetectionTracking/Tracking/bin/CMakeFiles/CMakeTmp

Run Build Command:"/usr/bin/make" "cmTC_2b04b/fast"
/usr/bin/make -f CMakeFiles/cmTC_2b04b.dir/build.make CMakeFiles/cmTC_2b04b.dir/build
make[1]: Entering directory '/home/alexandros/Desktop/DetectionTracking/Tracking/bin/CMakeFiles/CMakeTmp'
Building C object CMakeFiles/cmTC_2b04b.dir/CheckFunctionExists.c.o
/usr/bin/cc    -fPIC -DCHECK_FUNCTION_EXISTS=pthread_create   -o CMakeFiles/cmTC_2b04b.dir/CheckFunctionExists.c.o   -c /usr/share/cmake-3.5/Modules/CheckFunctionExists.c
Linking C executable cmTC_2b04b
/usr/bin/cmake -E cmake_link_script CMakeFiles/cmTC_2b04b.dir/link.txt --verbose=1
/usr/bin/cc  -fPIC -DCHECK_FUNCTION_EXISTS=pthread_create    CMakeFiles/cmTC_2b04b.dir/CheckFunctionExists.c.o  -o cmTC_2b04b -rdynamic -lpthread 
make[1]: Leaving directory '/home/alexandros/Desktop/DetectionTracking/Tracking/bin/CMakeFiles/CMakeTmp'


Determining if the include file pthread.h exists passed with the following output:
Change Dir: /home/alexandros/Desktop/DetectionTracking/Tracking/bin/CMakeFiles/CMakeTmp

Run Build Command:"/usr/bin/make" "cmTC_868e1/fast"
/usr/bin/make -f CMakeFiles/cmTC_868e1.dir/build.make CMakeFiles/cmTC_868e1.dir/build
make[1]: Entering directory '/home/alexandros/Desktop/DetectionTracking/Tracking/bin/CMakeFiles/CMakeTmp'
Building C object CMakeFiles/cmTC_868e1.dir/CheckIncludeFile.c.o
/usr/bin/cc    -fPIC    -o CMakeFiles/cmTC_868e1.dir/CheckIncludeFile.c.o   -c /home/alexandros/Desktop/DetectionTracking/Tracking/bin/CMakeFiles/CMakeTmp/CheckIncludeFile.c
Linking C executable cmTC_868e1
/usr/bin/cmake -E cmake_link_script CMakeFiles/cmTC_868e1.dir/link.txt --verbose=1
/usr/bin/cc  -fPIC     CMakeFiles/cmTC_868e1.dir/CheckIncludeFile.c.o  -o cmTC_868e1 -rdynamic 
make[1]: Leaving directory '/home/alexandros/Desktop/DetectionTracking/Tracking/bin/CMakeFiles/CMakeTmp'


Determining if the function pthread_create exists in the pthread passed with the following output:
Change Dir: /home/alexandros/Desktop/DetectionTracking/Tracking/bin/CMakeFiles/CMakeTmp

Run Build Command:"/usr/bin/make" "cmTC_16638/fast"
/usr/bin/make -f CMakeFiles/cmTC_16638.dir/build.make CMakeFiles/cmTC_16638.dir/build
make[1]: Entering directory '/home/alexandros/Desktop/DetectionTracking/Tracking/bin/CMakeFiles/CMakeTmp'
Building C object CMakeFiles/cmTC_16638.dir/CheckFunctionExists.c.o
/usr/bin/cc    -fPIC -DCHECK_FUNCTION_EXISTS=pthread_create   -o CMakeFiles/cmTC_16638.dir/CheckFunctionExists.c.o   -c /usr/share/cmake-3.5/Modules/CheckFunctionExists.c
Linking C executable cmTC_16638
/usr/bin/cmake -E cmake_link_script CMakeFiles/cmTC_16638.dir/link.txt --verbose=1
/usr/bin/cc  -fPIC -DCHECK_FUNCTION_EXISTS=pthread_create    CMakeFiles/cmTC_16638.dir/CheckFunctionExists.c.o  -o cmTC_16638 -rdynamic -lpthread 
make[1]: Leaving directory '/home/alexandros/Desktop/DetectionTracking/Tracking/bin/CMakeFiles/CMakeTmp'


